{"uuid":"c2964650-5aa4-45eb-92e3-5bd411d3732e","historyId":"af8f3dcf1680e0efbee5a236ee348783","fullName":"org.example.WeatherInViennaTest.getWeatherTest","labels":[{"name":"package","value":"org.example.WeatherInViennaTest"},{"name":"testClass","value":"org.example.WeatherInViennaTest"},{"name":"testMethod","value":"getWeatherTest"},{"name":"parentSuite","value":"Default Suite"},{"name":"suite","value":"apiV"},{"name":"subSuite","value":"org.example.WeatherInViennaTest"},{"name":"host","value":"MBPvonMargarita"},{"name":"thread","value":"28091@MBPvonMargarita.main(1)"},{"name":"framework","value":"testng"},{"name":"language","value":"java"}],"links":[],"name":"getWeatherTest","status":"failed","statusDetails":{"known":false,"muted":false,"flaky":false,"message":"\nThe following assertion failed:\n1) [Temp in Celsius is not correctly calculated or rounded!] \nexpected: 38\n but was: 37\nat WeatherInViennaTest.getWeatherTest(WeatherInViennaTest.java:79)\n","trace":"org.assertj.core.api.SoftAssertionError: \nThe following assertion failed:\n1) [Temp in Celsius is not correctly calculated or rounded!] \nexpected: 38\n but was: 37\nat WeatherInViennaTest.getWeatherTest(WeatherInViennaTest.java:79)\n\n\tat org.assertj.core.error.AssertionErrorCreator.multipleSoftAssertionsError(AssertionErrorCreator.java:100)\n\tat org.assertj.core.api.AbstractSoftAssertions.assertAll(AbstractSoftAssertions.java:37)\n\tat org.assertj.core.api.AbstractSoftAssertions.assertAll(AbstractSoftAssertions.java:42)\n\tat org.example.WeatherInViennaTest.getWeatherTest(WeatherInViennaTest.java:83)\n\tat java.base/jdk.internal.reflect.NativeMethodAccessorImpl.invoke0(Native Method)\n\tat java.base/jdk.internal.reflect.NativeMethodAccessorImpl.invoke(NativeMethodAccessorImpl.java:77)\n\tat java.base/jdk.internal.reflect.DelegatingMethodAccessorImpl.invoke(DelegatingMethodAccessorImpl.java:43)\n\tat java.base/java.lang.reflect.Method.invoke(Method.java:568)\n\tat org.testng.internal.invokers.MethodInvocationHelper.invokeMethod(MethodInvocationHelper.java:139)\n\tat org.testng.internal.invokers.TestInvoker.invokeMethod(TestInvoker.java:664)\n\tat org.testng.internal.invokers.TestInvoker.invokeTestMethod(TestInvoker.java:227)\n\tat org.testng.internal.invokers.MethodRunner.runInSequence(MethodRunner.java:50)\n\tat org.testng.internal.invokers.TestInvoker$MethodInvocationAgent.invoke(TestInvoker.java:957)\n\tat org.testng.internal.invokers.TestInvoker.invokeTestMethods(TestInvoker.java:200)\n\tat org.testng.internal.invokers.TestMethodWorker.invokeTestMethods(TestMethodWorker.java:148)\n\tat org.testng.internal.invokers.TestMethodWorker.run(TestMethodWorker.java:128)\n\tat java.base/java.util.ArrayList.forEach(ArrayList.java:1511)\n\tat org.testng.TestRunner.privateRun(TestRunner.java:848)\n\tat org.testng.TestRunner.run(TestRunner.java:621)\n\tat org.testng.SuiteRunner.runTest(SuiteRunner.java:443)\n\tat org.testng.SuiteRunner.runSequentially(SuiteRunner.java:437)\n\tat org.testng.SuiteRunner.privateRun(SuiteRunner.java:397)\n\tat org.testng.SuiteRunner.run(SuiteRunner.java:336)\n\tat org.testng.SuiteRunnerWorker.runSuite(SuiteRunnerWorker.java:52)\n\tat org.testng.SuiteRunnerWorker.run(SuiteRunnerWorker.java:95)\n\tat org.testng.TestNG.runSuitesSequentially(TestNG.java:1280)\n\tat org.testng.TestNG.runSuitesLocally(TestNG.java:1200)\n\tat org.testng.TestNG.runSuites(TestNG.java:1114)\n\tat org.testng.TestNG.run(TestNG.java:1082)\n\tat com.intellij.rt.testng.IDEARemoteTestNG.run(IDEARemoteTestNG.java:66)\n\tat com.intellij.rt.testng.RemoteTestNGStarter.main(RemoteTestNGStarter.java:105)\n"},"stage":"finished","steps":[],"attachments":[],"parameters":[{"name":"arg0","value":"100"}],"start":1701450440985,"stop":1701450441642}